Arguments: 
  C:\Program Files\nodejs\node.exe C:\Users\IT BD\.node\corepack\yarn\1.22.15\bin\yarn.js add katex

PATH: 
  C:\ProgramData\Oracle\Java\javapath;C:\WINDOWS\system32;C:\WINDOWS;C:\WINDOWS\System32\Wbem;C:\WINDOWS\System32\WindowsPowerShell\v1.0\;C:\WINDOWS\System32\OpenSSH\;C:\Program Files\nodejs\;C:\Program Files\Git\cmd;C:\Program Files\Microsoft VS Code\bin;C:\ProgramData\chocolatey\bin;C:\Program Files (x86)\Intel\Intel(R) Management Engine Components\DAL;C:\Program Files\Intel\Intel(R) Management Engine Components\DAL;C:\Users\IT BD\AppData\Local\Microsoft\WindowsApps;C:\Users\IT BD\AppData\Roaming\npm;C:\Users\IT BD\AppData\Local\Programs\Microsoft VS Code\bin;C:\Users\IT BD\AppData\Local\Android\Sdk\platform-tools;

Yarn version: 
  1.22.15

Node version: 
  16.14.2

Platform: 
  win32 x64

Trace: 
  Error: EPERM: operation not permitted, unlink 'D:\school_management\node_modules\node-sass\vendor\win32-x64-93\binding.node'

npm manifest: 
  {
    "name": "argon-dashboard-pro-react",
    "version": "1.2.1",
    "private": true,
    "dependencies": {
      "@fortawesome/fontawesome-free": "5.15.3",
      "@fullcalendar/core": "5.8.0",
      "@fullcalendar/daygrid": "5.8.0",
      "@fullcalendar/interaction": "5.8.0",
      "@reduxjs/toolkit": "^1.8.0",
      "axios": "^0.26.1",
      "bootstrap": "4.6.0",
      "chart.js": "2.9.4",
      "classnames": "2.3.1",
      "dropzone": "5.9.2",
      "list.js": "2.3.1",
      "moment": "^2.29.1",
      "node-sass": "6.0.1",
      "node-sass-package-importer": "5.3.2",
      "nouislider": "15.2.0",
      "prop-types": "15.7.2",
      "quill": "1.3.7",
      "react": "17.0.2",
      "react-bootstrap-sweetalert": "5.2.0",
      "react-bootstrap-table-next": "4.0.3",
      "react-bootstrap-table2-paginator": "2.1.2",
      "react-bootstrap-table2-toolkit": "2.1.3",
      "react-chartjs-2": "2.11.1",
      "react-copy-to-clipboard": "5.0.3",
      "react-datetime": "3.0.4",
      "react-dom": "17.0.2",
      "react-icons": "^4.3.1",
      "react-jvectormap": "0.0.16",
      "react-notification-alert": "0.0.13",
      "react-perfect-scrollbar": "1.5.8",
      "react-quill": "1.3.5",
      "react-redux": "^7.2.6",
      "react-router": "5.2.0",
      "react-router-dom": "5.2.0",
      "react-scripts": "4.0.3",
      "react-select2-wrapper": "1.0.4-beta6",
      "react-to-print": "2.12.6",
      "reactstrap": "8.9.0",
      "redux": "^4.1.2",
      "select2": "4.0.13",
      "sweetalert2": "11.0.18",
      "use-file-upload": "^1.0.11"
    },
    "scripts": {
      "start": "react-scripts start",
      "build": "react-scripts build && gulp licenses",
      "test": "react-scripts test",
      "eject": "react-scripts eject",
      "install:clean": "rm -rf node_modules/ && rm -rf package-lock.json && npm install && npm start",
      "compile:scss": "node-sass --importer node_modules/node-sass-package-importer/dist/cli.js src/assets/scss/argon-dashboard-pro-react.scss src/assets/css/argon-dashboard-pro-react.css",
      "minify:scss": "node-sass --importer node_modules/node-sass-package-importer/dist/cli.js src/assets/scss/argon-dashboard-pro-react.scss src/assets/css/argon-dashboard-pro-react.min.css --output-style compressed",
      "map:scss": "node-sass --importer node_modules/node-sass-package-importer/dist/cli.js src/assets/scss/argon-dashboard-pro-react.scss src/assets/css/argon-dashboard-pro-react.css --source-map true",
      "build:scss": "npm run compile:scss && npm run minify:scss && npm run map:scss"
    },
    "eslintConfig": {
      "extends": "react-app"
    },
    "browserslist": [
      ">0.2%",
      "not dead",
      "not ie <= 11",
      "not op_mini all"
    ],
    "devDependencies": {
      "eslint-plugin-flowtype": "5.8.0",
      "gulp": "4.0.2",
      "gulp-append-prepend": "1.0.9",
      "typescript": "4.3.5"
    }
  }

yarn manifest: 
  No manifest

Lockfile: 
  No lockfile
